<?xml version="1.0" encoding="UTF-8"?>
<robot generator="Robot 4.1 (Python 3.9.7 on win32)" generated="20210908 15:05:10.171" rpa="false" schemaversion="2">
<suite id="s1" name="TestClientDelay" source="C:\Users\osidelnyk\PycharmProjects\TestProject\Tests\UitestingplaygroundTest\UItest\TestClientDelay.robot">
<kw name="Open Browser" library="SeleniumLibrary" type="SETUP">
<doc>Opens a new browser instance to the optional ``url``.</doc>
<msg timestamp="20210908 15:05:10.486" level="INFO">Opening browser 'firefox' to base url 'None'.</msg>
<msg timestamp="20210908 15:05:10.492" level="INFO">Firefox driver log is always forced to to: C:\Users\osidelnyk\PycharmProjects\TestProject\results\geckodriver-1.log</msg>
<kw name="Capture Page Screenshot" library="SeleniumLibrary">
<doc>Takes a screenshot of the current page and embeds it into a log file.</doc>
<msg timestamp="20210908 15:05:10.505" level="INFO">Cannot capture screenshot because no browser is open.</msg>
<status status="PASS" starttime="20210908 15:05:10.505" endtime="20210908 15:05:10.505"/>
</kw>
<msg timestamp="20210908 15:05:10.544" level="FAIL">WebDriverException: Message: 'geckodriver' executable needs to be in PATH. 
</msg>
<status status="FAIL" starttime="20210908 15:05:10.486" endtime="20210908 15:05:10.544"/>
</kw>
<test id="s1-t1" name="Check text displayed after click button">
<status status="FAIL" starttime="20210908 15:05:10.544" endtime="20210908 15:05:10.545">Parent suite setup failed:
WebDriverException: Message: 'geckodriver' executable needs to be in PATH. 
</status>
</test>
<test id="s1-t2" name="[Tags] UI">
<status status="FAIL" starttime="20210908 15:05:10.546" endtime="20210908 15:05:10.547">Parent suite setup failed:
WebDriverException: Message: 'geckodriver' executable needs to be in PATH. 
</status>
</test>
<kw name="Close Browser" library="SeleniumLibrary" type="TEARDOWN">
<doc>Closes the current browser.</doc>
<status status="PASS" starttime="20210908 15:05:10.548" endtime="20210908 15:05:10.549"/>
</kw>
<doc>Check text displayed</doc>
<status status="FAIL" starttime="20210908 15:05:10.173" endtime="20210908 15:05:10.549">Suite setup failed:
WebDriverException: Message: 'geckodriver' executable needs to be in PATH. 
</status>
</suite>
<statistics>
<total>
<stat pass="0" fail="2" skip="0">All Tests</stat>
</total>
<tag>
</tag>
<suite>
<stat pass="0" fail="2" skip="0" id="s1" name="TestClientDelay">TestClientDelay</stat>
</suite>
</statistics>
<errors>
</errors>
</robot>
